<?xml version="1.0" encoding="UTF-8"?>
<testsuite name="com.Telran.qa16.tests.GroupDeleteTest" tests="1" skipped="0" failures="0" errors="0" timestamp="2018-08-16T06:55:58" hostname="DESKTOP-4MB1605" time="1.104">
  <properties/>
  <testcase name="testDeleteGroups" classname="com.Telran.qa16.tests.GroupDeleteTest" time="1.104"/>
  <system-out><![CDATA[]]></system-out>
  <system-err><![CDATA[]]></system-err>
</testsuite>
