<?xml version="1.0" encoding="UTF-8"?>
<testsuite name="com.Telran.qa16.tests.ContactDeletionTest" tests="1" skipped="0" failures="0" errors="0" timestamp="2018-08-07T11:47:14" hostname="DESKTOP-4MB1605" time="3.515">
  <properties/>
  <testcase name="testContactDeletion" classname="com.Telran.qa16.tests.ContactDeletionTest" time="3.515"/>
  <system-out><![CDATA[]]></system-out>
  <system-err><![CDATA[]]></system-err>
</testsuite>
