<?xml version="1.0" encoding="UTF-8"?>
<testsuite name="com.Telran.qa16.tests.ContactCreationTest" tests="1" skipped="0" failures="0" errors="0" timestamp="2018-08-06T17:23:57" hostname="DESKTOP-4MB1605" time="1.274">
  <properties/>
  <testcase name="testContactCreation" classname="com.Telran.qa16.tests.ContactCreationTest" time="1.274"/>
  <system-out><![CDATA[]]></system-out>
  <system-err><![CDATA[]]></system-err>
</testsuite>
