<?xml version="1.0" encoding="UTF-8"?>
<testsuite name="com.Telran.qa16.tests.ContactModificationtest" tests="1" skipped="0" failures="0" errors="0" timestamp="2018-08-16T06:54:37" hostname="DESKTOP-4MB1605" time="4.283">
  <properties/>
  <testcase name="testContactModification" classname="com.Telran.qa16.tests.ContactModificationtest" time="4.283"/>
  <system-out><![CDATA[]]></system-out>
  <system-err><![CDATA[]]></system-err>
</testsuite>
